# JRE version: Java(TM) SE Runtime Environment (8.0_121-b13) (build 1.8.0_121-b13)
# Java VM: Java HotSpot(TM) 64-Bit Server VM (25.121-b13 mixed mode windows-amd64 compressed oops)
Heap:
 garbage-first heap   total 131072K, used 55808K [0x00000000c0000000, 0x00000000c0100400, 0x0000000100000000)
  region size 1024K, 14 young (14336K), 10 survivors (10240K)
 Metaspace       used 46705K, capacity 49321K, committed 49536K, reserved 1093632K
  class space    used 4865K, capacity 5720K, committed 5760K, reserved 1048576K
GC Heap History (10 events):
Event: 22.168 GC heap before
{Heap before GC invocations=3 (full 0):
 garbage-first heap   total 131072K, used 20992K [0x00000000c0000000, 0x00000000c0100400, 0x0000000100000000)
  region size 1024K, 9 young (9216K), 4 survivors (4096K)
 Metaspace       used 20042K, capacity 21227K, committed 21296K, reserved 1069056K
  class space    used 2054K, capacity 2432K, committed 2432K, reserved 1048576K
Event: 22.174 GC heap after
Heap after GC invocations=4 (full 0):
 garbage-first heap   total 131072K, used 18432K [0x00000000c0000000, 0x00000000c0100400, 0x0000000100000000)
  region size 1024K, 6 young (6144K), 6 survivors (6144K)
 Metaspace       used 20042K, capacity 21227K, committed 21296K, reserved 1069056K
  class space    used 2054K, capacity 2432K, committed 2432K, reserved 1048576K
}
Event: 30.862 GC heap before
{Heap before GC invocations=5 (full 0):
 garbage-first heap   total 131072K, used 83455K [0x00000000c0000000, 0x00000000c0100400, 0x0000000100000000)
  region size 1024K, 76 young (77824K), 6 survivors (6144K)
 Metaspace       used 29580K, capacity 30877K, committed 31104K, reserved 1077248K
  class space    used 3015K, capacity 3375K, committed 3456K, reserved 1048576K
Event: 30.874 GC heap after
Heap after GC invocations=6 (full 0):
 garbage-first heap   total 131072K, used 23365K [0x00000000c0000000, 0x00000000c0100400, 0x0000000100000000)
  region size 1024K, 10 young (10240K), 10 survivors (10240K)
 Metaspace       used 29580K, capacity 30877K, committed 31104K, reserved 1077248K
  class space    used 3015K, capacity 3375K, committed 3456K, reserved 1048576K
}
Event: 34.524 GC heap before
{Heap before GC invocations=6 (full 0):
 garbage-first heap   total 131072K, used 79685K [0x00000000c0000000, 0x00000000c0100400, 0x0000000100000000)
  region size 1024K, 66 young (67584K), 10 survivors (10240K)
 Metaspace       used 34280K, capacity 35949K, committed 36048K, reserved 1081344K
  class space    used 3605K, capacity 4158K, committed 4224K, reserved 1048576K
Event: 34.539 GC heap after
Heap after GC invocations=7 (full 0):
 garbage-first heap   total 131072K, used 31232K [0x00000000c0000000, 0x00000000c0100400, 0x0000000100000000)
  region size 1024K, 10 young (10240K), 10 survivors (10240K)
 Metaspace       used 34280K, capacity 35949K, committed 36048K, reserved 1081344K
  class space    used 3605K, capacity 4158K, committed 4224K, reserved 1048576K
}
Event: 38.057 GC heap before
{Heap before GC invocations=8 (full 0):
 garbage-first heap   total 131072K, used 91648K [0x00000000c0000000, 0x00000000c0100400, 0x0000000100000000)
  region size 1024K, 76 young (77824K), 10 survivors (10240K)
 Metaspace       used 39906K, capacity 42203K, committed 42368K, reserved 1087488K
  class space    used 4244K, capacity 4991K, committed 4992K, reserved 1048576K
Event: 38.078 GC heap after
Heap after GC invocations=9 (full 0):
 garbage-first heap   total 131072K, used 35840K [0x00000000c0000000, 0x00000000c0100400, 0x0000000100000000)
  region size 1024K, 10 young (10240K), 10 survivors (10240K)
 Metaspace       used 39906K, capacity 42203K, committed 42368K, reserved 1087488K
  class space    used 4244K, capacity 4991K, committed 4992K, reserved 1048576K
}
Event: 41.691 GC heap before
{Heap before GC invocations=9 (full 0):
 garbage-first heap   total 131072K, used 103936K [0x00000000c0000000, 0x00000000c0100400, 0x0000000100000000)
  region size 1024K, 76 young (77824K), 10 survivors (10240K)
 Metaspace       used 46536K, capacity 49241K, committed 49536K, reserved 1093632K
  class space    used 4853K, capacity 5718K, committed 5760K, reserved 1048576K
Event: 41.714 GC heap after
Heap after GC invocations=10 (full 0):
 garbage-first heap   total 131072K, used 52736K [0x00000000c0000000, 0x00000000c0100400, 0x0000000100000000)
  region size 1024K, 10 young (10240K), 10 survivors (10240K)
 Metaspace       used 46536K, capacity 49241K, committed 49536K, reserved 1093632K
  class space    used 4853K, capacity 5718K, committed 5760K, reserved 1048576K
}

