# JRE version: Java(TM) SE Runtime Environment (8.0_121-b13) (build 1.8.0_121-b13)
# Java VM: Java HotSpot(TM) 64-Bit Server VM (25.121-b13 mixed mode windows-amd64 compressed oops)
Heap:
 garbage-first heap   total 131072K, used 49152K [0x00000000c0000000, 0x00000000c0100400, 0x0000000100000000)
  region size 1024K, 15 young (15360K), 10 survivors (10240K)
 Metaspace       used 41898K, capacity 44298K, committed 44492K, reserved 1089536K
  class space    used 4480K, capacity 5234K, committed 5324K, reserved 1048576K
GC Heap History (10 events):
Event: 8.005 GC heap before
{Heap before GC invocations=2 (full 0):
 garbage-first heap   total 131072K, used 32733K [0x00000000c0000000, 0x00000000c0100400, 0x0000000100000000)
  region size 1024K, 25 young (25600K), 3 survivors (3072K)
 Metaspace       used 17567K, capacity 18362K, committed 18688K, reserved 1067008K
  class space    used 1736K, capacity 1940K, committed 2048K, reserved 1048576K
Event: 8.013 GC heap after
Heap after GC invocations=3 (full 0):
 garbage-first heap   total 131072K, used 16896K [0x00000000c0000000, 0x00000000c0100400, 0x0000000100000000)
  region size 1024K, 4 young (4096K), 4 survivors (4096K)
 Metaspace       used 17567K, capacity 18362K, committed 18688K, reserved 1067008K
  class space    used 1736K, capacity 1940K, committed 2048K, reserved 1048576K
}
Event: 8.587 GC heap before
{Heap before GC invocations=3 (full 0):
 garbage-first heap   total 131072K, used 25088K [0x00000000c0000000, 0x00000000c0100400, 0x0000000100000000)
  region size 1024K, 13 young (13312K), 4 survivors (4096K)
 Metaspace       used 19981K, capacity 21212K, committed 21296K, reserved 1069056K
  class space    used 2041K, capacity 2427K, committed 2432K, reserved 1048576K
Event: 8.612 GC heap after
Heap after GC invocations=4 (full 0):
 garbage-first heap   total 131072K, used 17920K [0x00000000c0000000, 0x00000000c0100400, 0x0000000100000000)
  region size 1024K, 5 young (5120K), 5 survivors (5120K)
 Metaspace       used 19981K, capacity 21212K, committed 21296K, reserved 1069056K
  class space    used 2041K, capacity 2427K, committed 2432K, reserved 1048576K
}
Event: 12.252 GC heap before
{Heap before GC invocations=5 (full 0):
 garbage-first heap   total 131072K, used 87039K [0x00000000c0000000, 0x00000000c0100400, 0x0000000100000000)
  region size 1024K, 76 young (77824K), 5 survivors (5120K)
 Metaspace       used 29685K, capacity 31264K, committed 31692K, reserved 1077248K
  class space    used 3035K, capacity 3440K, committed 3532K, reserved 1048576K
Event: 12.264 GC heap after
Heap after GC invocations=6 (full 0):
 garbage-first heap   total 131072K, used 23334K [0x00000000c0000000, 0x00000000c0100400, 0x0000000100000000)
  region size 1024K, 10 young (10240K), 10 survivors (10240K)
 Metaspace       used 29685K, capacity 31264K, committed 31692K, reserved 1077248K
  class space    used 3035K, capacity 3440K, committed 3532K, reserved 1048576K
}
Event: 17.761 GC heap before
{Heap before GC invocations=7 (full 0):
 garbage-first heap   total 131072K, used 90918K [0x00000000c0000000, 0x00000000c0100400, 0x0000000100000000)
  region size 1024K, 76 young (77824K), 10 survivors (10240K)
 Metaspace       used 35885K, capacity 38054K, committed 38348K, reserved 1083392K
  class space    used 3788K, capacity 4492K, committed 4556K, reserved 1048576K
Event: 17.778 GC heap after
Heap after GC invocations=8 (full 0):
 garbage-first heap   total 131072K, used 30208K [0x00000000c0000000, 0x00000000c0100400, 0x0000000100000000)
  region size 1024K, 10 young (10240K), 10 survivors (10240K)
 Metaspace       used 35885K, capacity 38054K, committed 38348K, reserved 1083392K
  class space    used 3788K, capacity 4492K, committed 4556K, reserved 1048576K
}
Event: 21.132 GC heap before
{Heap before GC invocations=8 (full 0):
 garbage-first heap   total 131072K, used 97792K [0x00000000c0000000, 0x00000000c0100400, 0x0000000100000000)
  region size 1024K, 76 young (77824K), 10 survivors (10240K)
 Metaspace       used 41132K, capacity 43528K, committed 43852K, reserved 1087488K
  class space    used 4371K, capacity 5107K, committed 5196K, reserved 1048576K
Event: 21.158 GC heap after
Heap after GC invocations=9 (full 0):
 garbage-first heap   total 131072K, used 45056K [0x00000000c0000000, 0x00000000c0100400, 0x0000000100000000)
  region size 1024K, 10 young (10240K), 10 survivors (10240K)
 Metaspace       used 41132K, capacity 43528K, committed 43852K, reserved 1087488K
  class space    used 4371K, capacity 5107K, committed 5196K, reserved 1048576K
}

